

***********************************************************************
Fatal NI connect error 12514, connecting to:
 (DESCRIPTION=(ADDRESS=(PROTOCOL=TCP)(HOST=172.16.0.11)(PORT=1521))(CONNECT_DATA=(SERVICE_NAME=ORCL)(CID=(PROGRAM=C:\Users\alessandro.augusto\Box?Sync\Aplicativos\LinqPad\LINQPad.exe)(HOST=AAUGUSTO01)(USER=alessandro.augusto))))

  VERSION INFORMATION:
	TNS for 32-bit Windows: Version 10.2.0.3.0 - Production
	Windows NT TCP/IP NT Protocol Adapter for 32-bit Windows: Version 10.2.0.3.0 - Production
  Time: 08-JAN-2018 13:26:32
  Tracing not turned on.
  Tns error struct:
    ns main err code: 12564
    TNS-12564: TNS:connection refused
    ns secondary err code: 0
    nt main err code: 0
    nt secondary err code: 0
    nt OS err code: 0


***********************************************************************
Fatal NI connect error 12514, connecting to:
 (DESCRIPTION=(ADDRESS=(PROTOCOL=TCP)(HOST=172.16.0.11)(PORT=1521))(CONNECT_DATA=(SERVICE_NAME=ORCL)(CID=(PROGRAM=C:\Users\alessandro.augusto\Box?Sync\Aplicativos\LinqPad\LINQPad.exe)(HOST=AAUGUSTO01)(USER=alessandro.augusto))))

  VERSION INFORMATION:
	TNS for 32-bit Windows: Version 10.2.0.3.0 - Production
	Windows NT TCP/IP NT Protocol Adapter for 32-bit Windows: Version 10.2.0.3.0 - Production
  Time: 08-JAN-2018 13:28:53
  Tracing not turned on.
  Tns error struct:
    ns main err code: 12564
    TNS-12564: TNS:connection refused
    ns secondary err code: 0
    nt main err code: 0
    nt secondary err code: 0
    nt OS err code: 0
